  [1m[35m (228.3ms)[0m  [1m[35mCREATE TABLE "schema_migrations" ("version" character varying PRIMARY KEY)[0m
  [1m[35m (6.5ms)[0m  [1m[35mCREATE TABLE "ar_internal_metadata" ("key" character varying PRIMARY KEY, "value" character varying, "created_at" timestamp NOT NULL, "updated_at" timestamp NOT NULL)[0m
  [1m[35m (11.6ms)[0m  [1m[34mSELECT pg_try_advisory_lock(7381167824530102995);[0m
  [1m[36mActiveRecord::SchemaMigration Load (0.7ms)[0m  [1m[34mSELECT "schema_migrations".* FROM "schema_migrations"[0m
Migrating to CreateUsers (20170216121231)
  [1m[35m (0.3ms)[0m  [1m[35mBEGIN[0m
  [1m[35m (151.2ms)[0m  [1m[35mCREATE TABLE "users" ("id" serial primary key, "email" character varying, "password_digest" character varying, "created_at" timestamp NOT NULL, "updated_at" timestamp NOT NULL)[0m
  [1m[35mSQL (51.3ms)[0m  [1m[32mINSERT INTO "schema_migrations" ("version") VALUES ($1) RETURNING "version"[0m  [["version", "20170216121231"]]
  [1m[35m (1.8ms)[0m  [1m[35mCOMMIT[0m
  [1m[36mActiveRecord::InternalMetadata Load (1.5ms)[0m  [1m[34mSELECT  "ar_internal_metadata".* FROM "ar_internal_metadata" WHERE "ar_internal_metadata"."key" = $1 LIMIT $2[0m  [["key", :environment], ["LIMIT", 1]]
  [1m[35m (0.3ms)[0m  [1m[35mBEGIN[0m
  [1m[35mSQL (10.9ms)[0m  [1m[32mINSERT INTO "ar_internal_metadata" ("key", "value", "created_at", "updated_at") VALUES ($1, $2, $3, $4) RETURNING "key"[0m  [["key", "environment"], ["value", "development"], ["created_at", 2017-02-16 12:37:29 UTC], ["updated_at", 2017-02-16 12:37:29 UTC]]
  [1m[35m (1.0ms)[0m  [1m[35mCOMMIT[0m
  [1m[35m (0.3ms)[0m  [1m[34mSELECT pg_advisory_unlock(7381167824530102995)[0m
  [1m[36mActiveRecord::SchemaMigration Load (17.3ms)[0m  [1m[34mSELECT "schema_migrations".* FROM "schema_migrations"[0m
Started POST "/api/register" for 127.0.0.1 at 2017-02-16 12:39:11 +0000
  [1m[36mActiveRecord::SchemaMigration Load (1.0ms)[0m  [1m[34mSELECT "schema_migrations".* FROM "schema_migrations"[0m
  
ActionController::RoutingError (No route matches [POST] "/api/register"):
  
actionpack (5.0.1) lib/action_dispatch/middleware/debug_exceptions.rb:53:in `call'
actionpack (5.0.1) lib/action_dispatch/middleware/show_exceptions.rb:31:in `call'
railties (5.0.1) lib/rails/rack/logger.rb:36:in `call_app'
railties (5.0.1) lib/rails/rack/logger.rb:24:in `block in call'
activesupport (5.0.1) lib/active_support/tagged_logging.rb:69:in `block in tagged'
activesupport (5.0.1) lib/active_support/tagged_logging.rb:26:in `tagged'
activesupport (5.0.1) lib/active_support/tagged_logging.rb:69:in `tagged'
railties (5.0.1) lib/rails/rack/logger.rb:24:in `call'
actionpack (5.0.1) lib/action_dispatch/middleware/request_id.rb:24:in `call'
rack (2.0.1) lib/rack/runtime.rb:22:in `call'
activesupport (5.0.1) lib/active_support/cache/strategy/local_cache_middleware.rb:28:in `call'
actionpack (5.0.1) lib/action_dispatch/middleware/executor.rb:12:in `call'
actionpack (5.0.1) lib/action_dispatch/middleware/static.rb:136:in `call'
rack (2.0.1) lib/rack/sendfile.rb:111:in `call'
rack-cors (0.4.1) lib/rack/cors.rb:81:in `call'
railties (5.0.1) lib/rails/engine.rb:522:in `call'
puma (3.7.0) lib/puma/configuration.rb:226:in `call'
puma (3.7.0) lib/puma/server.rb:578:in `handle_request'
puma (3.7.0) lib/puma/server.rb:415:in `process_client'
puma (3.7.0) lib/puma/server.rb:275:in `block in run'
puma (3.7.0) lib/puma/thread_pool.rb:120:in `block in spawn_thread'
Started POST "/register" for 127.0.0.1 at 2017-02-16 12:39:48 +0000
Processing by AuthenticationsController#register as */*
  Parameters: {"email"=>"john@yorkey1.com", "password"=>"[FILTERED]", "password_confirmation"=>"[FILTERED]", "authentication"=>{"email"=>"john@yorkey1.com", "password"=>"[FILTERED]", "password_confirmation"=>"[FILTERED]"}}
DEPRECATION WARNING: Method to_hash is deprecated and will be removed in Rails 5.1, as `ActionController::Parameters` no longer inherits from hash. Using this deprecated behavior exposes potential security problems. If you continue to use this method you may be creating a security vulnerability in your app that can be exploited. Instead, consider using one of these documented methods which are not deprecated: http://api.rubyonrails.org/v5.0.1/classes/ActionController/Parameters.html (called from merge! at /Users/Tom/development/WDI_Project_4-api/app/controllers/authentications_controller.rb:27)
  [1m[35m (0.3ms)[0m  [1m[35mBEGIN[0m
  [1m[36mUser Exists (23.5ms)[0m  [1m[34mSELECT  1 AS one FROM "users" WHERE "users"."email" = $1 LIMIT $2[0m  [["email", "john@yorkey1.com"], ["LIMIT", 1]]
  [1m[35mSQL (54.4ms)[0m  [1m[32mINSERT INTO "users" ("email", "password_digest", "created_at", "updated_at") VALUES ($1, $2, $3, $4) RETURNING "id"[0m  [["email", "john@yorkey1.com"], ["password_digest", "$2a$10$IQsBt9cTZuTIpEcCFkRCieceJgIjtJXyVgj1QH3M3IQtQ2XLunqLS"], ["created_at", 2017-02-16 12:39:50 UTC], ["updated_at", 2017-02-16 12:39:50 UTC]]
  [1m[35m (102.5ms)[0m  [1m[35mCOMMIT[0m
[active_model_serializers] Rendered ActiveModel::Serializer::Null with Hash (351.25ms)
Completed 200 OK in 1516ms (Views: 359.1ms | ActiveRecord: 196.7ms)


Started POST "/login" for 127.0.0.1 at 2017-02-16 12:40:14 +0000
Processing by AuthenticationsController#login as */*
  Parameters: {"email"=>"john@yorkey1.com", "password"=>"[FILTERED]", "authentication"=>{"email"=>"john@yorkey1.com", "password"=>"[FILTERED]"}}
  [1m[36mUser Load (26.9ms)[0m  [1m[34mSELECT  "users".* FROM "users" WHERE "users"."email" = $1 LIMIT $2[0m  [["email", "john@yorkey1.com"], ["LIMIT", 1]]
[active_model_serializers] Rendered ActiveModel::Serializer::Null with Hash (0.7ms)
Completed 200 OK in 323ms (Views: 7.6ms | ActiveRecord: 27.8ms)


  [1m[35m (36.6ms)[0m  [1m[34mSELECT pg_try_advisory_lock(7381167824530102995);[0m
  [1m[36mActiveRecord::SchemaMigration Load (1.0ms)[0m  [1m[34mSELECT "schema_migrations".* FROM "schema_migrations"[0m
Migrating to AddColumnsToUser (20170220014537)
  [1m[35m (0.2ms)[0m  [1m[35mBEGIN[0m
  [1m[35m (120.5ms)[0m  [1m[35mALTER TABLE "users" ADD "first_name" character varying[0m
  [1m[35m (0.9ms)[0m  [1m[35mALTER TABLE "users" ADD "last_name" character varying[0m
  [1m[35m (0.8ms)[0m  [1m[35mALTER TABLE "users" ADD "mobile" character varying[0m
  [1m[35m (0.6ms)[0m  [1m[35mALTER TABLE "users" ADD "postcode" character varying[0m
  [1m[35m (0.6ms)[0m  [1m[35mALTER TABLE "users" ADD "image" character varying[0m
  [1m[35m (0.6ms)[0m  [1m[35mALTER TABLE "users" ADD "address" character varying[0m
  [1m[35m (0.6ms)[0m  [1m[35mALTER TABLE "users" ADD "dob" date[0m
  [1m[35mSQL (16.5ms)[0m  [1m[32mINSERT INTO "schema_migrations" ("version") VALUES ($1) RETURNING "version"[0m  [["version", "20170220014537"]]
  [1m[35m (4.5ms)[0m  [1m[35mCOMMIT[0m
Migrating to CreateJobs (20170220015008)
  [1m[35m (0.2ms)[0m  [1m[35mBEGIN[0m
  [1m[35m (83.7ms)[0m  [1m[35mCREATE TABLE "jobs" ("id" serial primary key, "title" character varying, "description" text, "location" character varying, "postcode" character varying, "time" time, "date" date, "owner_id" integer, "created_at" timestamp NOT NULL, "updated_at" timestamp NOT NULL)[0m
  [1m[35mSQL (0.4ms)[0m  [1m[32mINSERT INTO "schema_migrations" ("version") VALUES ($1) RETURNING "version"[0m  [["version", "20170220015008"]]
  [1m[35m (2.1ms)[0m  [1m[35mCOMMIT[0m
Migrating to CreateRequests (20170220015109)
  [1m[35m (0.3ms)[0m  [1m[35mBEGIN[0m
  [1m[35m (85.7ms)[0m  [1m[35mCREATE TABLE "requests" ("id" serial primary key, "message" text, "job_id" integer, "user_id" integer, "created_at" timestamp NOT NULL, "updated_at" timestamp NOT NULL, CONSTRAINT "fk_rails_7cb12166d9"
FOREIGN KEY ("job_id")
  REFERENCES "jobs" ("id")
, CONSTRAINT "fk_rails_8ead8b1e6b"
FOREIGN KEY ("user_id")
  REFERENCES "users" ("id")
)[0m
  [1m[35m (1.6ms)[0m  [1m[35mCREATE  INDEX  "index_requests_on_job_id" ON "requests"  ("job_id")[0m
  [1m[35m (15.6ms)[0m  [1m[35mCREATE  INDEX  "index_requests_on_user_id" ON "requests"  ("user_id")[0m
  [1m[35mSQL (0.9ms)[0m  [1m[32mINSERT INTO "schema_migrations" ("version") VALUES ($1) RETURNING "version"[0m  [["version", "20170220015109"]]
  [1m[35m (1.4ms)[0m  [1m[35mCOMMIT[0m
  [1m[36mActiveRecord::InternalMetadata Load (0.8ms)[0m  [1m[34mSELECT  "ar_internal_metadata".* FROM "ar_internal_metadata" WHERE "ar_internal_metadata"."key" = $1 LIMIT $2[0m  [["key", :environment], ["LIMIT", 1]]
  [1m[35m (0.2ms)[0m  [1m[35mBEGIN[0m
  [1m[35m (0.2ms)[0m  [1m[35mCOMMIT[0m
  [1m[35m (0.4ms)[0m  [1m[34mSELECT pg_advisory_unlock(7381167824530102995)[0m
  [1m[36mActiveRecord::SchemaMigration Load (0.3ms)[0m  [1m[34mSELECT "schema_migrations".* FROM "schema_migrations"[0m
  [1m[36mActiveRecord::SchemaMigration Load (0.8ms)[0m  [1m[34mSELECT "schema_migrations".* FROM "schema_migrations"[0m
  [1m[35m (0.6ms)[0m  [1m[34mSELECT "ar_internal_metadata"."value" FROM "ar_internal_metadata" WHERE "ar_internal_metadata"."key" = $1[0m  [["key", :environment]]
  [1m[36mActiveRecord::SchemaMigration Load (0.3ms)[0m  [1m[34mSELECT "schema_migrations".* FROM "schema_migrations"[0m
  [1m[35m (1.1ms)[0m  [1m[34mSELECT "ar_internal_metadata"."value" FROM "ar_internal_metadata" WHERE "ar_internal_metadata"."key" = $1[0m  [["key", :environment]]
  [1m[36mActiveRecord::SchemaMigration Load (0.3ms)[0m  [1m[34mSELECT "schema_migrations".* FROM "schema_migrations"[0m
  [1m[35m (0.9ms)[0m  [1m[34mSELECT "ar_internal_metadata"."value" FROM "ar_internal_metadata" WHERE "ar_internal_metadata"."key" = $1[0m  [["key", :environment]]
  [1m[35m (257.3ms)[0m  [1m[35mDROP DATABASE IF EXISTS "wdi-project-4-api_development"[0m
  [1m[35m (149.5ms)[0m  [1m[35mDROP DATABASE IF EXISTS "wdi-project-4-api_test"[0m
  [1m[35m (1684.8ms)[0m  [1m[35mCREATE DATABASE "wdi-project-4-api_development" ENCODING = 'unicode'[0m
  [1m[35m (450.9ms)[0m  [1m[35mCREATE DATABASE "wdi-project-4-api_test" ENCODING = 'unicode'[0m
  [1m[35m (61.5ms)[0m  [1m[35mCREATE TABLE "schema_migrations" ("version" character varying PRIMARY KEY)[0m
  [1m[35m (5.9ms)[0m  [1m[35mCREATE TABLE "ar_internal_metadata" ("key" character varying PRIMARY KEY, "value" character varying, "created_at" timestamp NOT NULL, "updated_at" timestamp NOT NULL)[0m
  [1m[35m (0.3ms)[0m  [1m[34mSELECT pg_try_advisory_lock(7381167824530102995);[0m
  [1m[36mActiveRecord::SchemaMigration Load (0.7ms)[0m  [1m[34mSELECT "schema_migrations".* FROM "schema_migrations"[0m
Migrating to CreateUsers (20170216121231)
  [1m[35m (0.5ms)[0m  [1m[35mBEGIN[0m
  [1m[35m (7.8ms)[0m  [1m[35mCREATE TABLE "users" ("id" serial primary key, "email" character varying, "password_digest" character varying, "created_at" timestamp NOT NULL, "updated_at" timestamp NOT NULL)[0m
  [1m[35mSQL (0.8ms)[0m  [1m[32mINSERT INTO "schema_migrations" ("version") VALUES ($1) RETURNING "version"[0m  [["version", "20170216121231"]]
  [1m[35m (0.7ms)[0m  [1m[35mCOMMIT[0m
Migrating to AddColumnsToUser (20170220014537)
  [1m[35m (0.6ms)[0m  [1m[35mBEGIN[0m
  [1m[35m (1.1ms)[0m  [1m[35mALTER TABLE "users" ADD "first_name" character varying[0m
  [1m[35m (0.7ms)[0m  [1m[35mALTER TABLE "users" ADD "last_name" character varying[0m
  [1m[35m (0.6ms)[0m  [1m[35mALTER TABLE "users" ADD "mobile" character varying[0m
  [1m[35m (0.6ms)[0m  [1m[35mALTER TABLE "users" ADD "postcode" character varying[0m
  [1m[35m (0.6ms)[0m  [1m[35mALTER TABLE "users" ADD "image" character varying[0m
  [1m[35m (0.6ms)[0m  [1m[35mALTER TABLE "users" ADD "address" character varying[0m
  [1m[35m (0.6ms)[0m  [1m[35mALTER TABLE "users" ADD "dob" date[0m
  [1m[35mSQL (0.8ms)[0m  [1m[32mINSERT INTO "schema_migrations" ("version") VALUES ($1) RETURNING "version"[0m  [["version", "20170220014537"]]
  [1m[35m (0.7ms)[0m  [1m[35mCOMMIT[0m
Migrating to CreateJobs (20170220015008)
  [1m[35m (1.5ms)[0m  [1m[35mBEGIN[0m
  [1m[35m (22.4ms)[0m  [1m[35mCREATE TABLE "jobs" ("id" serial primary key, "title" character varying, "description" text, "location" character varying, "postcode" character varying, "time" time, "date" date, "owner_id" integer, "created_at" timestamp NOT NULL, "updated_at" timestamp NOT NULL)[0m
  [1m[35mSQL (0.5ms)[0m  [1m[32mINSERT INTO "schema_migrations" ("version") VALUES ($1) RETURNING "version"[0m  [["version", "20170220015008"]]
  [1m[35m (1.0ms)[0m  [1m[35mCOMMIT[0m
Migrating to CreateRequests (20170220015109)
  [1m[35m (0.4ms)[0m  [1m[35mBEGIN[0m
  [1m[35m (23.9ms)[0m  [1m[35mCREATE TABLE "requests" ("id" serial primary key, "message" text, "job_id" integer, "user_id" integer, "created_at" timestamp NOT NULL, "updated_at" timestamp NOT NULL, CONSTRAINT "fk_rails_7cb12166d9"
FOREIGN KEY ("job_id")
  REFERENCES "jobs" ("id")
, CONSTRAINT "fk_rails_8ead8b1e6b"
FOREIGN KEY ("user_id")
  REFERENCES "users" ("id")
)[0m
  [1m[35m (1.7ms)[0m  [1m[35mCREATE  INDEX  "index_requests_on_job_id" ON "requests"  ("job_id")[0m
  [1m[35m (1.8ms)[0m  [1m[35mCREATE  INDEX  "index_requests_on_user_id" ON "requests"  ("user_id")[0m
  [1m[35mSQL (0.4ms)[0m  [1m[32mINSERT INTO "schema_migrations" ("version") VALUES ($1) RETURNING "version"[0m  [["version", "20170220015109"]]
  [1m[35m (1.2ms)[0m  [1m[35mCOMMIT[0m
  [1m[36mActiveRecord::InternalMetadata Load (0.6ms)[0m  [1m[34mSELECT  "ar_internal_metadata".* FROM "ar_internal_metadata" WHERE "ar_internal_metadata"."key" = $1 LIMIT $2[0m  [["key", :environment], ["LIMIT", 1]]
  [1m[35m (0.2ms)[0m  [1m[35mBEGIN[0m
  [1m[35mSQL (0.7ms)[0m  [1m[32mINSERT INTO "ar_internal_metadata" ("key", "value", "created_at", "updated_at") VALUES ($1, $2, $3, $4) RETURNING "key"[0m  [["key", "environment"], ["value", "development"], ["created_at", 2017-02-20 01:57:20 UTC], ["updated_at", 2017-02-20 01:57:20 UTC]]
  [1m[35m (0.8ms)[0m  [1m[35mCOMMIT[0m
  [1m[35m (0.4ms)[0m  [1m[34mSELECT pg_advisory_unlock(7381167824530102995)[0m
  [1m[36mActiveRecord::SchemaMigration Load (0.3ms)[0m  [1m[34mSELECT "schema_migrations".* FROM "schema_migrations"[0m
  [1m[36mActiveRecord::SchemaMigration Load (0.3ms)[0m  [1m[34mSELECT "schema_migrations".* FROM "schema_migrations"[0m
  [1m[36mUser Load (1.4ms)[0m  [1m[34mSELECT "users".* FROM "users"[0m
  [1m[36mJob Load (0.8ms)[0m  [1m[34mSELECT "jobs".* FROM "jobs"[0m
DEPRECATION WARNING: Time columns will become time zone aware in Rails 5.1. This
still causes `String`s to be parsed as if they were in `Time.zone`,
and `Time`s to be converted to `Time.zone`.

To keep the old behavior, you must add the following to your initializer:

    config.active_record.time_zone_aware_types = [:datetime]

To silence this deprecation warning, add the following:

    config.active_record.time_zone_aware_types = [:datetime, :time]
 (called from <top (required)> at /Users/Tom/development/WDI_Project_4-api/db/seeds.rb:2)
  [1m[36mRequest Load (0.9ms)[0m  [1m[34mSELECT "requests".* FROM "requests"[0m
  [1m[36mActiveRecord::SchemaMigration Load (0.8ms)[0m  [1m[34mSELECT "schema_migrations".* FROM "schema_migrations"[0m
  [1m[35m (0.6ms)[0m  [1m[34mSELECT "ar_internal_metadata"."value" FROM "ar_internal_metadata" WHERE "ar_internal_metadata"."key" = $1[0m  [["key", :environment]]
  [1m[36mActiveRecord::SchemaMigration Load (1.1ms)[0m  [1m[34mSELECT "schema_migrations".* FROM "schema_migrations"[0m
  [1m[35m (0.3ms)[0m  [1m[34mSELECT "ar_internal_metadata"."value" FROM "ar_internal_metadata" WHERE "ar_internal_metadata"."key" = $1[0m  [["key", :environment]]
  [1m[36mActiveRecord::SchemaMigration Load (0.3ms)[0m  [1m[34mSELECT "schema_migrations".* FROM "schema_migrations"[0m
  [1m[35m (0.3ms)[0m  [1m[34mSELECT "ar_internal_metadata"."value" FROM "ar_internal_metadata" WHERE "ar_internal_metadata"."key" = $1[0m  [["key", :environment]]
  [1m[35m (212.4ms)[0m  [1m[35mDROP DATABASE IF EXISTS "wdi-project-4-api_development"[0m
  [1m[35m (142.5ms)[0m  [1m[35mDROP DATABASE IF EXISTS "wdi-project-4-api_test"[0m
  [1m[35m (1665.5ms)[0m  [1m[35mCREATE DATABASE "wdi-project-4-api_development" ENCODING = 'unicode'[0m
  [1m[35m (482.3ms)[0m  [1m[35mCREATE DATABASE "wdi-project-4-api_test" ENCODING = 'unicode'[0m
  [1m[35m (35.5ms)[0m  [1m[35mCREATE TABLE "schema_migrations" ("version" character varying PRIMARY KEY)[0m
  [1m[35m (6.0ms)[0m  [1m[35mCREATE TABLE "ar_internal_metadata" ("key" character varying PRIMARY KEY, "value" character varying, "created_at" timestamp NOT NULL, "updated_at" timestamp NOT NULL)[0m
  [1m[35m (0.4ms)[0m  [1m[34mSELECT pg_try_advisory_lock(7381167824530102995);[0m
  [1m[36mActiveRecord::SchemaMigration Load (0.6ms)[0m  [1m[34mSELECT "schema_migrations".* FROM "schema_migrations"[0m
Migrating to CreateUsers (20170216121231)
  [1m[35m (0.2ms)[0m  [1m[35mBEGIN[0m
  [1m[35m (7.4ms)[0m  [1m[35mCREATE TABLE "users" ("id" serial primary key, "email" character varying, "password_digest" character varying, "created_at" timestamp NOT NULL, "updated_at" timestamp NOT NULL)[0m
  [1m[35mSQL (0.8ms)[0m  [1m[32mINSERT INTO "schema_migrations" ("version") VALUES ($1) RETURNING "version"[0m  [["version", "20170216121231"]]
  [1m[35m (1.3ms)[0m  [1m[35mCOMMIT[0m
Migrating to AddColumnsToUser (20170220014537)
  [1m[35m (0.4ms)[0m  [1m[35mBEGIN[0m
  [1m[35m (1.1ms)[0m  [1m[35mALTER TABLE "users" ADD "first_name" character varying[0m
  [1m[35m (0.7ms)[0m  [1m[35mALTER TABLE "users" ADD "last_name" character varying[0m
  [1m[35m (0.6ms)[0m  [1m[35mALTER TABLE "users" ADD "mobile" character varying[0m
  [1m[35m (0.6ms)[0m  [1m[35mALTER TABLE "users" ADD "postcode" character varying[0m
  [1m[35m (0.6ms)[0m  [1m[35mALTER TABLE "users" ADD "image" character varying[0m
  [1m[35m (0.6ms)[0m  [1m[35mALTER TABLE "users" ADD "address" character varying[0m
  [1m[35m (0.6ms)[0m  [1m[35mALTER TABLE "users" ADD "dob" date[0m
  [1m[35mSQL (0.5ms)[0m  [1m[32mINSERT INTO "schema_migrations" ("version") VALUES ($1) RETURNING "version"[0m  [["version", "20170220014537"]]
  [1m[35m (0.8ms)[0m  [1m[35mCOMMIT[0m
Migrating to CreateJobs (20170220015008)
  [1m[35m (0.2ms)[0m  [1m[35mBEGIN[0m
  [1m[35m (7.8ms)[0m  [1m[35mCREATE TABLE "jobs" ("id" serial primary key, "title" character varying, "description" text, "location" character varying, "postcode" character varying, "time" time, "date" date, "owner_id" integer, "created_at" timestamp NOT NULL, "updated_at" timestamp NOT NULL)[0m
  [1m[35mSQL (10.5ms)[0m  [1m[32mINSERT INTO "schema_migrations" ("version") VALUES ($1) RETURNING "version"[0m  [["version", "20170220015008"]]
  [1m[35m (1.1ms)[0m  [1m[35mCOMMIT[0m
Migrating to CreateRequests (20170220015109)
  [1m[35m (0.3ms)[0m  [1m[35mBEGIN[0m
  [1m[35m (11.3ms)[0m  [1m[35mCREATE TABLE "requests" ("id" serial primary key, "message" text, "job_id" integer, "user_id" integer, "created_at" timestamp NOT NULL, "updated_at" timestamp NOT NULL, CONSTRAINT "fk_rails_7cb12166d9"
FOREIGN KEY ("job_id")
  REFERENCES "jobs" ("id")
, CONSTRAINT "fk_rails_8ead8b1e6b"
FOREIGN KEY ("user_id")
  REFERENCES "users" ("id")
)[0m
  [1m[35m (1.8ms)[0m  [1m[35mCREATE  INDEX  "index_requests_on_job_id" ON "requests"  ("job_id")[0m
  [1m[35m (2.0ms)[0m  [1m[35mCREATE  INDEX  "index_requests_on_user_id" ON "requests"  ("user_id")[0m
  [1m[35mSQL (1.3ms)[0m  [1m[32mINSERT INTO "schema_migrations" ("version") VALUES ($1) RETURNING "version"[0m  [["version", "20170220015109"]]
  [1m[35m (1.2ms)[0m  [1m[35mCOMMIT[0m
  [1m[36mActiveRecord::InternalMetadata Load (0.7ms)[0m  [1m[34mSELECT  "ar_internal_metadata".* FROM "ar_internal_metadata" WHERE "ar_internal_metadata"."key" = $1 LIMIT $2[0m  [["key", :environment], ["LIMIT", 1]]
  [1m[35m (0.2ms)[0m  [1m[35mBEGIN[0m
  [1m[35mSQL (0.7ms)[0m  [1m[32mINSERT INTO "ar_internal_metadata" ("key", "value", "created_at", "updated_at") VALUES ($1, $2, $3, $4) RETURNING "key"[0m  [["key", "environment"], ["value", "development"], ["created_at", 2017-02-20 02:10:57 UTC], ["updated_at", 2017-02-20 02:10:57 UTC]]
  [1m[35m (0.7ms)[0m  [1m[35mCOMMIT[0m
  [1m[35m (0.4ms)[0m  [1m[34mSELECT pg_advisory_unlock(7381167824530102995)[0m
  [1m[36mActiveRecord::SchemaMigration Load (0.3ms)[0m  [1m[34mSELECT "schema_migrations".* FROM "schema_migrations"[0m
  [1m[36mActiveRecord::SchemaMigration Load (0.3ms)[0m  [1m[34mSELECT "schema_migrations".* FROM "schema_migrations"[0m
  [1m[36mUser Load (4.9ms)[0m  [1m[34mSELECT "users".* FROM "users"[0m
  [1m[36mJob Load (3.5ms)[0m  [1m[34mSELECT "jobs".* FROM "jobs"[0m
DEPRECATION WARNING: Time columns will become time zone aware in Rails 5.1. This
still causes `String`s to be parsed as if they were in `Time.zone`,
and `Time`s to be converted to `Time.zone`.

To keep the old behavior, you must add the following to your initializer:

    config.active_record.time_zone_aware_types = [:datetime]

To silence this deprecation warning, add the following:

    config.active_record.time_zone_aware_types = [:datetime, :time]
 (called from <top (required)> at /Users/Tom/development/WDI_Project_4-api/db/seeds.rb:2)
  [1m[36mRequest Load (1.2ms)[0m  [1m[34mSELECT "requests".* FROM "requests"[0m
  [1m[35m (0.2ms)[0m  [1m[35mBEGIN[0m
  [1m[36mUser Exists (0.6ms)[0m  [1m[34mSELECT  1 AS one FROM "users" WHERE "users"."email" IS NULL LIMIT $1[0m  [["LIMIT", 1]]
  [1m[35m (0.2ms)[0m  [1m[31mROLLBACK[0m
  [1m[36mActiveRecord::SchemaMigration Load (0.8ms)[0m  [1m[34mSELECT "schema_migrations".* FROM "schema_migrations"[0m
  [1m[35m (0.6ms)[0m  [1m[34mSELECT "ar_internal_metadata"."value" FROM "ar_internal_metadata" WHERE "ar_internal_metadata"."key" = $1[0m  [["key", :environment]]
  [1m[36mActiveRecord::SchemaMigration Load (0.3ms)[0m  [1m[34mSELECT "schema_migrations".* FROM "schema_migrations"[0m
  [1m[35m (0.3ms)[0m  [1m[34mSELECT "ar_internal_metadata"."value" FROM "ar_internal_metadata" WHERE "ar_internal_metadata"."key" = $1[0m  [["key", :environment]]
  [1m[36mActiveRecord::SchemaMigration Load (0.3ms)[0m  [1m[34mSELECT "schema_migrations".* FROM "schema_migrations"[0m
  [1m[35m (0.3ms)[0m  [1m[34mSELECT "ar_internal_metadata"."value" FROM "ar_internal_metadata" WHERE "ar_internal_metadata"."key" = $1[0m  [["key", :environment]]
  [1m[35m (155.6ms)[0m  [1m[35mDROP DATABASE IF EXISTS "wdi-project-4-api_development"[0m
  [1m[35m (127.1ms)[0m  [1m[35mDROP DATABASE IF EXISTS "wdi-project-4-api_test"[0m
  [1m[35m (320.8ms)[0m  [1m[35mCREATE DATABASE "wdi-project-4-api_development" ENCODING = 'unicode'[0m
  [1m[35m (381.6ms)[0m  [1m[35mCREATE DATABASE "wdi-project-4-api_test" ENCODING = 'unicode'[0m
  [1m[35m (11.8ms)[0m  [1m[35mCREATE TABLE "schema_migrations" ("version" character varying PRIMARY KEY)[0m
  [1m[35m (6.5ms)[0m  [1m[35mCREATE TABLE "ar_internal_metadata" ("key" character varying PRIMARY KEY, "value" character varying, "created_at" timestamp NOT NULL, "updated_at" timestamp NOT NULL)[0m
  [1m[35m (0.4ms)[0m  [1m[34mSELECT pg_try_advisory_lock(7381167824530102995);[0m
  [1m[36mActiveRecord::SchemaMigration Load (0.5ms)[0m  [1m[34mSELECT "schema_migrations".* FROM "schema_migrations"[0m
Migrating to CreateUsers (20170216121231)
  [1m[35m (0.2ms)[0m  [1m[35mBEGIN[0m
  [1m[35m (7.5ms)[0m  [1m[35mCREATE TABLE "users" ("id" serial primary key, "email" character varying, "password_digest" character varying, "created_at" timestamp NOT NULL, "updated_at" timestamp NOT NULL)[0m
  [1m[35mSQL (0.7ms)[0m  [1m[32mINSERT INTO "schema_migrations" ("version") VALUES ($1) RETURNING "version"[0m  [["version", "20170216121231"]]
  [1m[35m (1.1ms)[0m  [1m[35mCOMMIT[0m
Migrating to AddColumnsToUser (20170220014537)
  [1m[35m (0.3ms)[0m  [1m[35mBEGIN[0m
  [1m[35m (0.7ms)[0m  [1m[35mALTER TABLE "users" ADD "first_name" character varying[0m
  [1m[35m (0.4ms)[0m  [1m[35mALTER TABLE "users" ADD "last_name" character varying[0m
  [1m[35m (0.4ms)[0m  [1m[35mALTER TABLE "users" ADD "mobile" character varying[0m
  [1m[35m (0.4ms)[0m  [1m[35mALTER TABLE "users" ADD "postcode" character varying[0m
  [1m[35m (0.3ms)[0m  [1m[35mALTER TABLE "users" ADD "image" character varying[0m
  [1m[35m (0.4ms)[0m  [1m[35mALTER TABLE "users" ADD "address" character varying[0m
  [1m[35m (0.5ms)[0m  [1m[35mALTER TABLE "users" ADD "dob" date[0m
  [1m[35mSQL (0.5ms)[0m  [1m[32mINSERT INTO "schema_migrations" ("version") VALUES ($1) RETURNING "version"[0m  [["version", "20170220014537"]]
  [1m[35m (1.9ms)[0m  [1m[35mCOMMIT[0m
Migrating to CreateJobs (20170220015008)
  [1m[35m (0.2ms)[0m  [1m[35mBEGIN[0m
  [1m[35m (8.0ms)[0m  [1m[35mCREATE TABLE "jobs" ("id" serial primary key, "title" character varying, "description" text, "location" character varying, "postcode" character varying, "time" time, "date" date, "owner_id" integer, "created_at" timestamp NOT NULL, "updated_at" timestamp NOT NULL)[0m
  [1m[35mSQL (0.5ms)[0m  [1m[32mINSERT INTO "schema_migrations" ("version") VALUES ($1) RETURNING "version"[0m  [["version", "20170220015008"]]
  [1m[35m (1.0ms)[0m  [1m[35mCOMMIT[0m
Migrating to CreateRequests (20170220015109)
  [1m[35m (0.3ms)[0m  [1m[35mBEGIN[0m
  [1m[35m (10.6ms)[0m  [1m[35mCREATE TABLE "requests" ("id" serial primary key, "message" text, "job_id" integer, "user_id" integer, "created_at" timestamp NOT NULL, "updated_at" timestamp NOT NULL, CONSTRAINT "fk_rails_7cb12166d9"
FOREIGN KEY ("job_id")
  REFERENCES "jobs" ("id")
, CONSTRAINT "fk_rails_8ead8b1e6b"
FOREIGN KEY ("user_id")
  REFERENCES "users" ("id")
)[0m
  [1m[35m (1.7ms)[0m  [1m[35mCREATE  INDEX  "index_requests_on_job_id" ON "requests"  ("job_id")[0m
  [1m[35m (2.0ms)[0m  [1m[35mCREATE  INDEX  "index_requests_on_user_id" ON "requests"  ("user_id")[0m
  [1m[35mSQL (0.5ms)[0m  [1m[32mINSERT INTO "schema_migrations" ("version") VALUES ($1) RETURNING "version"[0m  [["version", "20170220015109"]]
  [1m[35m (10.6ms)[0m  [1m[35mCOMMIT[0m
  [1m[36mActiveRecord::InternalMetadata Load (5.4ms)[0m  [1m[34mSELECT  "ar_internal_metadata".* FROM "ar_internal_metadata" WHERE "ar_internal_metadata"."key" = $1 LIMIT $2[0m  [["key", :environment], ["LIMIT", 1]]
  [1m[35m (0.6ms)[0m  [1m[35mBEGIN[0m
  [1m[35mSQL (4.2ms)[0m  [1m[32mINSERT INTO "ar_internal_metadata" ("key", "value", "created_at", "updated_at") VALUES ($1, $2, $3, $4) RETURNING "key"[0m  [["key", "environment"], ["value", "development"], ["created_at", 2017-02-20 02:12:38 UTC], ["updated_at", 2017-02-20 02:12:38 UTC]]
  [1m[35m (0.7ms)[0m  [1m[35mCOMMIT[0m
  [1m[35m (0.4ms)[0m  [1m[34mSELECT pg_advisory_unlock(7381167824530102995)[0m
  [1m[36mActiveRecord::SchemaMigration Load (0.4ms)[0m  [1m[34mSELECT "schema_migrations".* FROM "schema_migrations"[0m
  [1m[36mActiveRecord::SchemaMigration Load (3.7ms)[0m  [1m[34mSELECT "schema_migrations".* FROM "schema_migrations"[0m
  [1m[36mUser Load (1.1ms)[0m  [1m[34mSELECT "users".* FROM "users"[0m
  [1m[36mJob Load (0.8ms)[0m  [1m[34mSELECT "jobs".* FROM "jobs"[0m
DEPRECATION WARNING: Time columns will become time zone aware in Rails 5.1. This
still causes `String`s to be parsed as if they were in `Time.zone`,
and `Time`s to be converted to `Time.zone`.

To keep the old behavior, you must add the following to your initializer:

    config.active_record.time_zone_aware_types = [:datetime]

To silence this deprecation warning, add the following:

    config.active_record.time_zone_aware_types = [:datetime, :time]
 (called from <top (required)> at /Users/Tom/development/WDI_Project_4-api/db/seeds.rb:2)
  [1m[36mRequest Load (0.9ms)[0m  [1m[34mSELECT "requests".* FROM "requests"[0m
  [1m[35m (0.3ms)[0m  [1m[35mBEGIN[0m
  [1m[36mUser Exists (0.6ms)[0m  [1m[34mSELECT  1 AS one FROM "users" WHERE "users"."email" = $1 LIMIT $2[0m  [["email", "tom.duckworth91@gmail.com"], ["LIMIT", 1]]
  [1m[35mSQL (2.6ms)[0m  [1m[32mINSERT INTO "users" ("email", "password_digest", "created_at", "updated_at", "first_name", "last_name", "mobile", "postcode", "image", "address", "dob") VALUES ($1, $2, $3, $4, $5, $6, $7, $8, $9, $10, $11) RETURNING "id"[0m  [["email", "tom.duckworth91@gmail.com"], ["password_digest", "$2a$10$SefdSYHFuuD2x2WRWIBdXeWvS12mlEo3T62.TxXgry46TL4G3FFEW"], ["created_at", 2017-02-20 02:12:39 UTC], ["updated_at", 2017-02-20 02:12:39 UTC], ["first_name", "Tom"], ["last_name", "Duckworth"], ["mobile", "07960191449"], ["postcode", "SW18 3RR"], ["image", "http://fillmurray.com/209/304"], ["address", "7 Henderson Road"], ["dob", Sun, 13 Jan 1991]]
  [1m[35m (1.9ms)[0m  [1m[35mCOMMIT[0m
  [1m[35m (0.2ms)[0m  [1m[35mBEGIN[0m
  [1m[35mSQL (17.2ms)[0m  [1m[32mINSERT INTO "jobs" ("title", "description", "location", "postcode", "time", "date", "owner_id", "created_at", "updated_at") VALUES ($1, $2, $3, $4, $5, $6, $7, $8, $9) RETURNING "id"[0m  [["title", "Cleaner"], ["description", "Clean me please."], ["location", "8 Guilford Cresent"], ["postcode", "E5 6HY"], ["time", 2000-01-01 08:00:00 UTC], ["date", Sun, 14 May 2017], ["owner_id", 1], ["created_at", 2017-02-20 02:12:39 UTC], ["updated_at", 2017-02-20 02:12:39 UTC]]
  [1m[35m (0.8ms)[0m  [1m[35mCOMMIT[0m
  [1m[35m (0.2ms)[0m  [1m[35mBEGIN[0m
  [1m[36mUser Exists (3.8ms)[0m  [1m[34mSELECT  1 AS one FROM "users" WHERE "users"."email" = $1 LIMIT $2[0m  [["email", "phil.daniels@gmail.com"], ["LIMIT", 1]]
  [1m[35mSQL (0.6ms)[0m  [1m[32mINSERT INTO "users" ("email", "password_digest", "created_at", "updated_at", "first_name", "last_name", "mobile", "postcode", "image", "address", "dob") VALUES ($1, $2, $3, $4, $5, $6, $7, $8, $9, $10, $11) RETURNING "id"[0m  [["email", "phil.daniels@gmail.com"], ["password_digest", "$2a$10$C3uaFEf7DuP6CTEw6texr.xFU10YNuyEyVilbBhgl.5suenes1vxm"], ["created_at", 2017-02-20 02:12:39 UTC], ["updated_at", 2017-02-20 02:12:39 UTC], ["first_name", "Phil"], ["last_name", "Daniels"], ["mobile", "07960191459"], ["postcode", "W1 6QU"], ["image", "http://fillmurray.com/300/304"], ["address", "9 Wallaby Way"], ["dob", Mon, 20 Jul 1981]]
  [1m[35m (19.8ms)[0m  [1m[35mCOMMIT[0m
  [1m[35m (0.2ms)[0m  [1m[35mBEGIN[0m
  [1m[35mSQL (1.6ms)[0m  [1m[32mINSERT INTO "requests" ("message", "job_id", "user_id", "created_at", "updated_at") VALUES ($1, $2, $3, $4, $5) RETURNING "id"[0m  [["message", "I'm up for it"], ["job_id", 1], ["user_id", 2], ["created_at", 2017-02-20 02:12:39 UTC], ["updated_at", 2017-02-20 02:12:39 UTC]]
  [1m[35m (0.9ms)[0m  [1m[35mCOMMIT[0m
  [1m[36mUser Load (1.2ms)[0m  [1m[34mSELECT "users".* FROM "users"[0m
  [1m[36mUser Load (0.6ms)[0m  [1m[34mSELECT  "users".* FROM "users" ORDER BY "users"."id" ASC LIMIT $1[0m  [["LIMIT", 1]]
  [1m[36mActiveRecord::SchemaMigration Load (0.9ms)[0m  [1m[34mSELECT "schema_migrations".* FROM "schema_migrations"[0m
  [1m[35m (0.6ms)[0m  [1m[34mSELECT "ar_internal_metadata"."value" FROM "ar_internal_metadata" WHERE "ar_internal_metadata"."key" = $1[0m  [["key", :environment]]
  [1m[36mActiveRecord::SchemaMigration Load (0.3ms)[0m  [1m[34mSELECT "schema_migrations".* FROM "schema_migrations"[0m
  [1m[35m (0.3ms)[0m  [1m[34mSELECT "ar_internal_metadata"."value" FROM "ar_internal_metadata" WHERE "ar_internal_metadata"."key" = $1[0m  [["key", :environment]]
  [1m[36mActiveRecord::SchemaMigration Load (0.3ms)[0m  [1m[34mSELECT "schema_migrations".* FROM "schema_migrations"[0m
  [1m[35m (0.3ms)[0m  [1m[34mSELECT "ar_internal_metadata"."value" FROM "ar_internal_metadata" WHERE "ar_internal_metadata"."key" = $1[0m  [["key", :environment]]
  [1m[35m (178.4ms)[0m  [1m[35mDROP DATABASE IF EXISTS "wdi-project-4-api_development"[0m
  [1m[35m (181.3ms)[0m  [1m[35mDROP DATABASE IF EXISTS "wdi-project-4-api_test"[0m
  [1m[35m (1644.2ms)[0m  [1m[35mCREATE DATABASE "wdi-project-4-api_development" ENCODING = 'unicode'[0m
  [1m[35m (308.7ms)[0m  [1m[35mCREATE DATABASE "wdi-project-4-api_test" ENCODING = 'unicode'[0m
  [1m[35m (24.3ms)[0m  [1m[35mCREATE TABLE "schema_migrations" ("version" character varying PRIMARY KEY)[0m
  [1m[35m (9.7ms)[0m  [1m[35mCREATE TABLE "ar_internal_metadata" ("key" character varying PRIMARY KEY, "value" character varying, "created_at" timestamp NOT NULL, "updated_at" timestamp NOT NULL)[0m
  [1m[35m (0.4ms)[0m  [1m[34mSELECT pg_try_advisory_lock(7381167824530102995);[0m
  [1m[36mActiveRecord::SchemaMigration Load (0.6ms)[0m  [1m[34mSELECT "schema_migrations".* FROM "schema_migrations"[0m
Migrating to CreateUsers (20170216121231)
  [1m[35m (0.2ms)[0m  [1m[35mBEGIN[0m
  [1m[35m (8.6ms)[0m  [1m[35mCREATE TABLE "users" ("id" serial primary key, "email" character varying, "password_digest" character varying, "created_at" timestamp NOT NULL, "updated_at" timestamp NOT NULL)[0m
  [1m[35mSQL (0.8ms)[0m  [1m[32mINSERT INTO "schema_migrations" ("version") VALUES ($1) RETURNING "version"[0m  [["version", "20170216121231"]]
  [1m[35m (1.2ms)[0m  [1m[35mCOMMIT[0m
Migrating to AddColumnsToUser (20170220014537)
  [1m[35m (0.5ms)[0m  [1m[35mBEGIN[0m
  [1m[35m (1.1ms)[0m  [1m[35mALTER TABLE "users" ADD "first_name" character varying[0m
  [1m[35m (0.5ms)[0m  [1m[35mALTER TABLE "users" ADD "last_name" character varying[0m
  [1m[35m (0.8ms)[0m  [1m[35mALTER TABLE "users" ADD "mobile" character varying[0m
  [1m[35m (0.4ms)[0m  [1m[35mALTER TABLE "users" ADD "postcode" character varying[0m
  [1m[35m (0.4ms)[0m  [1m[35mALTER TABLE "users" ADD "image" character varying[0m
  [1m[35m (0.5ms)[0m  [1m[35mALTER TABLE "users" ADD "address" character varying[0m
  [1m[35m (0.4ms)[0m  [1m[35mALTER TABLE "users" ADD "dob" date[0m
  [1m[35mSQL (0.8ms)[0m  [1m[32mINSERT INTO "schema_migrations" ("version") VALUES ($1) RETURNING "version"[0m  [["version", "20170220014537"]]
  [1m[35m (0.8ms)[0m  [1m[35mCOMMIT[0m
Migrating to CreateJobs (20170220015008)
  [1m[35m (0.2ms)[0m  [1m[35mBEGIN[0m
  [1m[35m (7.9ms)[0m  [1m[35mCREATE TABLE "jobs" ("id" serial primary key, "title" character varying, "description" text, "location" character varying, "postcode" character varying, "time" time, "date" date, "owner_id" integer, "created_at" timestamp NOT NULL, "updated_at" timestamp NOT NULL)[0m
  [1m[35mSQL (0.5ms)[0m  [1m[32mINSERT INTO "schema_migrations" ("version") VALUES ($1) RETURNING "version"[0m  [["version", "20170220015008"]]
  [1m[35m (0.8ms)[0m  [1m[35mCOMMIT[0m
Migrating to CreateRequests (20170220015109)
  [1m[35m (0.4ms)[0m  [1m[35mBEGIN[0m
  [1m[35m (13.4ms)[0m  [1m[35mCREATE TABLE "requests" ("id" serial primary key, "message" text, "job_id" integer, "user_id" integer, "created_at" timestamp NOT NULL, "updated_at" timestamp NOT NULL, CONSTRAINT "fk_rails_7cb12166d9"
FOREIGN KEY ("job_id")
  REFERENCES "jobs" ("id")
, CONSTRAINT "fk_rails_8ead8b1e6b"
FOREIGN KEY ("user_id")
  REFERENCES "users" ("id")
)[0m
  [1m[35m (1.8ms)[0m  [1m[35mCREATE  INDEX  "index_requests_on_job_id" ON "requests"  ("job_id")[0m
  [1m[35m (1.9ms)[0m  [1m[35mCREATE  INDEX  "index_requests_on_user_id" ON "requests"  ("user_id")[0m
  [1m[35mSQL (0.5ms)[0m  [1m[32mINSERT INTO "schema_migrations" ("version") VALUES ($1) RETURNING "version"[0m  [["version", "20170220015109"]]
  [1m[35m (1.2ms)[0m  [1m[35mCOMMIT[0m
  [1m[36mActiveRecord::InternalMetadata Load (0.7ms)[0m  [1m[34mSELECT  "ar_internal_metadata".* FROM "ar_internal_metadata" WHERE "ar_internal_metadata"."key" = $1 LIMIT $2[0m  [["key", :environment], ["LIMIT", 1]]
  [1m[35m (0.8ms)[0m  [1m[35mBEGIN[0m
  [1m[35mSQL (0.7ms)[0m  [1m[32mINSERT INTO "ar_internal_metadata" ("key", "value", "created_at", "updated_at") VALUES ($1, $2, $3, $4) RETURNING "key"[0m  [["key", "environment"], ["value", "development"], ["created_at", 2017-02-20 02:19:43 UTC], ["updated_at", 2017-02-20 02:19:43 UTC]]
  [1m[35m (0.8ms)[0m  [1m[35mCOMMIT[0m
  [1m[35m (0.4ms)[0m  [1m[34mSELECT pg_advisory_unlock(7381167824530102995)[0m
  [1m[36mActiveRecord::SchemaMigration Load (0.3ms)[0m  [1m[34mSELECT "schema_migrations".* FROM "schema_migrations"[0m
  [1m[36mActiveRecord::SchemaMigration Load (0.3ms)[0m  [1m[34mSELECT "schema_migrations".* FROM "schema_migrations"[0m
  [1m[36mUser Load (3.8ms)[0m  [1m[34mSELECT "users".* FROM "users"[0m
  [1m[36mJob Load (0.8ms)[0m  [1m[34mSELECT "jobs".* FROM "jobs"[0m
DEPRECATION WARNING: Time columns will become time zone aware in Rails 5.1. This
still causes `String`s to be parsed as if they were in `Time.zone`,
and `Time`s to be converted to `Time.zone`.

To keep the old behavior, you must add the following to your initializer:

    config.active_record.time_zone_aware_types = [:datetime]

To silence this deprecation warning, add the following:

    config.active_record.time_zone_aware_types = [:datetime, :time]
 (called from <top (required)> at /Users/Tom/development/WDI_Project_4-api/db/seeds.rb:2)
  [1m[36mRequest Load (0.9ms)[0m  [1m[34mSELECT "requests".* FROM "requests"[0m
  [1m[35m (0.2ms)[0m  [1m[35mBEGIN[0m
  [1m[36mUser Exists (0.6ms)[0m  [1m[34mSELECT  1 AS one FROM "users" WHERE "users"."email" = $1 LIMIT $2[0m  [["email", "tom.duckworth91@gmail.com"], ["LIMIT", 1]]
  [1m[35mSQL (0.9ms)[0m  [1m[32mINSERT INTO "users" ("email", "password_digest", "created_at", "updated_at", "first_name", "last_name", "mobile", "postcode", "image", "address", "dob") VALUES ($1, $2, $3, $4, $5, $6, $7, $8, $9, $10, $11) RETURNING "id"[0m  [["email", "tom.duckworth91@gmail.com"], ["password_digest", "$2a$10$DnL7w0FQoxeVAvPuhUG50.8bnVkuuaVr/chbIkV8J4/ZOUCijWLa."], ["created_at", 2017-02-20 02:19:43 UTC], ["updated_at", 2017-02-20 02:19:43 UTC], ["first_name", "Tom"], ["last_name", "Duckworth"], ["mobile", "07960191449"], ["postcode", "SW18 3RR"], ["image", "http://fillmurray.com/209/304"], ["address", "7 Henderson Road"], ["dob", Sun, 13 Jan 1991]]
  [1m[35m (1.3ms)[0m  [1m[35mCOMMIT[0m
  [1m[35m (0.5ms)[0m  [1m[35mBEGIN[0m
  [1m[35mSQL (0.9ms)[0m  [1m[32mINSERT INTO "jobs" ("title", "description", "location", "postcode", "time", "date", "owner_id", "created_at", "updated_at") VALUES ($1, $2, $3, $4, $5, $6, $7, $8, $9) RETURNING "id"[0m  [["title", "Cleaner"], ["description", "Clean me please."], ["location", "8 Guilford Cresent"], ["postcode", "E5 6HY"], ["time", 2000-01-01 08:00:00 UTC], ["date", Sun, 14 May 2017], ["owner_id", 1], ["created_at", 2017-02-20 02:19:43 UTC], ["updated_at", 2017-02-20 02:19:43 UTC]]
  [1m[35m (2.2ms)[0m  [1m[35mCOMMIT[0m
  [1m[35m (0.2ms)[0m  [1m[35mBEGIN[0m
  [1m[36mUser Exists (3.2ms)[0m  [1m[34mSELECT  1 AS one FROM "users" WHERE "users"."email" = $1 LIMIT $2[0m  [["email", "phil.daniels@gmail.com"], ["LIMIT", 1]]
  [1m[35mSQL (0.6ms)[0m  [1m[32mINSERT INTO "users" ("email", "password_digest", "created_at", "updated_at", "first_name", "last_name", "mobile", "postcode", "image", "address", "dob") VALUES ($1, $2, $3, $4, $5, $6, $7, $8, $9, $10, $11) RETURNING "id"[0m  [["email", "phil.daniels@gmail.com"], ["password_digest", "$2a$10$kY4sPZr6MU1Sp2yR8H8hze2uibHFnBIneBYOOxLwTi8YpbKpDiP4."], ["created_at", 2017-02-20 02:19:43 UTC], ["updated_at", 2017-02-20 02:19:43 UTC], ["first_name", "Phil"], ["last_name", "Daniels"], ["mobile", "07960191459"], ["postcode", "W1 6QU"], ["image", "http://fillmurray.com/300/304"], ["address", "9 Wallaby Way"], ["dob", Mon, 20 Jul 1981]]
  [1m[35m (0.9ms)[0m  [1m[35mCOMMIT[0m
  [1m[35m (0.2ms)[0m  [1m[35mBEGIN[0m
  [1m[36mUser Exists (0.5ms)[0m  [1m[34mSELECT  1 AS one FROM "users" WHERE "users"."email" = $1 LIMIT $2[0m  [["email", "josh@gmail.com"], ["LIMIT", 1]]
  [1m[35mSQL (0.7ms)[0m  [1m[32mINSERT INTO "users" ("email", "password_digest", "created_at", "updated_at", "first_name", "last_name", "mobile", "postcode", "image", "address", "dob") VALUES ($1, $2, $3, $4, $5, $6, $7, $8, $9, $10, $11) RETURNING "id"[0m  [["email", "josh@gmail.com"], ["password_digest", "$2a$10$AMgNE4EIVpc0DxscFJ/h2OybUBQAWgnHi6bBP/n8a6aX.O1JQ8t3S"], ["created_at", 2017-02-20 02:19:43 UTC], ["updated_at", 2017-02-20 02:19:43 UTC], ["first_name", "Josh"], ["last_name", "Gregson"], ["mobile", "07960143459"], ["postcode", "NW2 4AL"], ["image", "http://fillmurray.com/310/320"], ["address", "9 Sydney Street"], ["dob", Thu, 21 Apr 1983]]
  [1m[35m (0.9ms)[0m  [1m[35mCOMMIT[0m
  [1m[35m (0.2ms)[0m  [1m[35mBEGIN[0m
  [1m[35mSQL (2.0ms)[0m  [1m[32mINSERT INTO "requests" ("message", "job_id", "user_id", "created_at", "updated_at") VALUES ($1, $2, $3, $4, $5) RETURNING "id"[0m  [["message", "I'm up for it"], ["job_id", 1], ["user_id", 2], ["created_at", 2017-02-20 02:19:44 UTC], ["updated_at", 2017-02-20 02:19:44 UTC]]
  [1m[35m (1.3ms)[0m  [1m[35mCOMMIT[0m
  [1m[35m (0.1ms)[0m  [1m[35mBEGIN[0m
  [1m[35mSQL (1.2ms)[0m  [1m[32mINSERT INTO "requests" ("message", "job_id", "user_id", "created_at", "updated_at") VALUES ($1, $2, $3, $4, $5) RETURNING "id"[0m  [["message", "I am well up for this"], ["job_id", 1], ["user_id", 3], ["created_at", 2017-02-20 02:19:44 UTC], ["updated_at", 2017-02-20 02:19:44 UTC]]
  [1m[35m (0.7ms)[0m  [1m[35mCOMMIT[0m
  [1m[36mUser Load (0.7ms)[0m  [1m[34mSELECT  "users".* FROM "users" WHERE "users"."id" = $1 LIMIT $2[0m  [["id", 3], ["LIMIT", 1]]
  [1m[36mActiveRecord::SchemaMigration Load (0.8ms)[0m  [1m[34mSELECT "schema_migrations".* FROM "schema_migrations"[0m
  [1m[35m (0.6ms)[0m  [1m[34mSELECT "ar_internal_metadata"."value" FROM "ar_internal_metadata" WHERE "ar_internal_metadata"."key" = $1[0m  [["key", :environment]]
  [1m[36mActiveRecord::SchemaMigration Load (0.3ms)[0m  [1m[34mSELECT "schema_migrations".* FROM "schema_migrations"[0m
  [1m[35m (0.3ms)[0m  [1m[34mSELECT "ar_internal_metadata"."value" FROM "ar_internal_metadata" WHERE "ar_internal_metadata"."key" = $1[0m  [["key", :environment]]
  [1m[36mActiveRecord::SchemaMigration Load (0.3ms)[0m  [1m[34mSELECT "schema_migrations".* FROM "schema_migrations"[0m
  [1m[35m (0.3ms)[0m  [1m[34mSELECT "ar_internal_metadata"."value" FROM "ar_internal_metadata" WHERE "ar_internal_metadata"."key" = $1[0m  [["key", :environment]]
  [1m[35m (208.4ms)[0m  [1m[35mDROP DATABASE IF EXISTS "wdi-project-4-api_development"[0m
  [1m[35m (177.9ms)[0m  [1m[35mDROP DATABASE IF EXISTS "wdi-project-4-api_test"[0m
  [1m[35m (1707.2ms)[0m  [1m[35mCREATE DATABASE "wdi-project-4-api_development" ENCODING = 'unicode'[0m
  [1m[35m (549.2ms)[0m  [1m[35mCREATE DATABASE "wdi-project-4-api_test" ENCODING = 'unicode'[0m
  [1m[35m (41.7ms)[0m  [1m[35mCREATE TABLE "schema_migrations" ("version" character varying PRIMARY KEY)[0m
  [1m[35m (35.1ms)[0m  [1m[35mCREATE TABLE "ar_internal_metadata" ("key" character varying PRIMARY KEY, "value" character varying, "created_at" timestamp NOT NULL, "updated_at" timestamp NOT NULL)[0m
  [1m[35m (0.3ms)[0m  [1m[34mSELECT pg_try_advisory_lock(7381167824530102995);[0m
  [1m[36mActiveRecord::SchemaMigration Load (0.6ms)[0m  [1m[34mSELECT "schema_migrations".* FROM "schema_migrations"[0m
Migrating to CreateUsers (20170216121231)
  [1m[35m (3.7ms)[0m  [1m[35mBEGIN[0m
  [1m[35m (13.3ms)[0m  [1m[35mCREATE TABLE "users" ("id" serial primary key, "email" character varying, "password_digest" character varying, "created_at" timestamp NOT NULL, "updated_at" timestamp NOT NULL)[0m
  [1m[35mSQL (2.4ms)[0m  [1m[32mINSERT INTO "schema_migrations" ("version") VALUES ($1) RETURNING "version"[0m  [["version", "20170216121231"]]
  [1m[35m (1.4ms)[0m  [1m[35mCOMMIT[0m
Migrating to AddColumnsToUser (20170220014537)
  [1m[35m (0.4ms)[0m  [1m[35mBEGIN[0m
  [1m[35m (0.8ms)[0m  [1m[35mALTER TABLE "users" ADD "first_name" character varying[0m
  [1m[35m (0.4ms)[0m  [1m[35mALTER TABLE "users" ADD "last_name" character varying[0m
  [1m[35m (0.9ms)[0m  [1m[35mALTER TABLE "users" ADD "mobile" character varying[0m
  [1m[35m (0.5ms)[0m  [1m[35mALTER TABLE "users" ADD "postcode" character varying[0m
  [1m[35m (0.4ms)[0m  [1m[35mALTER TABLE "users" ADD "image" character varying[0m
  [1m[35m (0.4ms)[0m  [1m[35mALTER TABLE "users" ADD "address" character varying[0m
  [1m[35m (0.4ms)[0m  [1m[35mALTER TABLE "users" ADD "dob" date[0m
  [1m[35mSQL (0.5ms)[0m  [1m[32mINSERT INTO "schema_migrations" ("version") VALUES ($1) RETURNING "version"[0m  [["version", "20170220014537"]]
  [1m[35m (1.1ms)[0m  [1m[35mCOMMIT[0m
Migrating to CreateJobs (20170220015008)
  [1m[35m (0.3ms)[0m  [1m[35mBEGIN[0m
  [1m[35m (12.5ms)[0m  [1m[35mCREATE TABLE "jobs" ("id" serial primary key, "title" character varying, "description" text, "location" character varying, "postcode" character varying, "time" time, "date" date, "owner_id" integer, "created_at" timestamp NOT NULL, "updated_at" timestamp NOT NULL)[0m
  [1m[35mSQL (0.5ms)[0m  [1m[32mINSERT INTO "schema_migrations" ("version") VALUES ($1) RETURNING "version"[0m  [["version", "20170220015008"]]
  [1m[35m (0.8ms)[0m  [1m[35mCOMMIT[0m
Migrating to CreateRequests (20170220015109)
  [1m[35m (0.4ms)[0m  [1m[35mBEGIN[0m
  [1m[35m (19.4ms)[0m  [1m[35mCREATE TABLE "requests" ("id" serial primary key, "message" text, "job_id" integer, "user_id" integer, "created_at" timestamp NOT NULL, "updated_at" timestamp NOT NULL, CONSTRAINT "fk_rails_7cb12166d9"
FOREIGN KEY ("job_id")
  REFERENCES "jobs" ("id")
, CONSTRAINT "fk_rails_8ead8b1e6b"
FOREIGN KEY ("user_id")
  REFERENCES "users" ("id")
)[0m
  [1m[35m (3.8ms)[0m  [1m[35mCREATE  INDEX  "index_requests_on_job_id" ON "requests"  ("job_id")[0m
  [1m[35m (2.0ms)[0m  [1m[35mCREATE  INDEX  "index_requests_on_user_id" ON "requests"  ("user_id")[0m
  [1m[35mSQL (0.9ms)[0m  [1m[32mINSERT INTO "schema_migrations" ("version") VALUES ($1) RETURNING "version"[0m  [["version", "20170220015109"]]
  [1m[35m (1.8ms)[0m  [1m[35mCOMMIT[0m
Migrating to AddTaskeridToJob (20170220022028)
  [1m[35m (0.9ms)[0m  [1m[35mBEGIN[0m
  [1m[35m (1.0ms)[0m  [1m[35mALTER TABLE "jobs" ADD "tasker_id" integer[0m
  [1m[35mSQL (1.0ms)[0m  [1m[32mINSERT INTO "schema_migrations" ("version") VALUES ($1) RETURNING "version"[0m  [["version", "20170220022028"]]
  [1m[35m (0.8ms)[0m  [1m[35mCOMMIT[0m
  [1m[36mActiveRecord::InternalMetadata Load (0.6ms)[0m  [1m[34mSELECT  "ar_internal_metadata".* FROM "ar_internal_metadata" WHERE "ar_internal_metadata"."key" = $1 LIMIT $2[0m  [["key", :environment], ["LIMIT", 1]]
  [1m[35m (0.2ms)[0m  [1m[35mBEGIN[0m
  [1m[35mSQL (0.7ms)[0m  [1m[32mINSERT INTO "ar_internal_metadata" ("key", "value", "created_at", "updated_at") VALUES ($1, $2, $3, $4) RETURNING "key"[0m  [["key", "environment"], ["value", "development"], ["created_at", 2017-02-20 02:20:46 UTC], ["updated_at", 2017-02-20 02:20:46 UTC]]
  [1m[35m (0.7ms)[0m  [1m[35mCOMMIT[0m
  [1m[35m (0.4ms)[0m  [1m[34mSELECT pg_advisory_unlock(7381167824530102995)[0m
  [1m[36mActiveRecord::SchemaMigration Load (0.3ms)[0m  [1m[34mSELECT "schema_migrations".* FROM "schema_migrations"[0m
  [1m[36mActiveRecord::SchemaMigration Load (0.3ms)[0m  [1m[34mSELECT "schema_migrations".* FROM "schema_migrations"[0m
  [1m[36mUser Load (0.8ms)[0m  [1m[34mSELECT "users".* FROM "users"[0m
  [1m[36mJob Load (0.8ms)[0m  [1m[34mSELECT "jobs".* FROM "jobs"[0m
DEPRECATION WARNING: Time columns will become time zone aware in Rails 5.1. This
still causes `String`s to be parsed as if they were in `Time.zone`,
and `Time`s to be converted to `Time.zone`.

To keep the old behavior, you must add the following to your initializer:

    config.active_record.time_zone_aware_types = [:datetime]

To silence this deprecation warning, add the following:

    config.active_record.time_zone_aware_types = [:datetime, :time]
 (called from <top (required)> at /Users/Tom/development/WDI_Project_4-api/db/seeds.rb:2)
  [1m[36mRequest Load (0.9ms)[0m  [1m[34mSELECT "requests".* FROM "requests"[0m
  [1m[35m (0.2ms)[0m  [1m[35mBEGIN[0m
  [1m[36mUser Exists (4.5ms)[0m  [1m[34mSELECT  1 AS one FROM "users" WHERE "users"."email" = $1 LIMIT $2[0m  [["email", "tom.duckworth91@gmail.com"], ["LIMIT", 1]]
  [1m[35mSQL (0.9ms)[0m  [1m[32mINSERT INTO "users" ("email", "password_digest", "created_at", "updated_at", "first_name", "last_name", "mobile", "postcode", "image", "address", "dob") VALUES ($1, $2, $3, $4, $5, $6, $7, $8, $9, $10, $11) RETURNING "id"[0m  [["email", "tom.duckworth91@gmail.com"], ["password_digest", "$2a$10$wrX0nU6v0KqONKKSKn6AV.sM56JBlP8U.eTB0ltkuGG/pOdkzuIzS"], ["created_at", 2017-02-20 02:20:46 UTC], ["updated_at", 2017-02-20 02:20:46 UTC], ["first_name", "Tom"], ["last_name", "Duckworth"], ["mobile", "07960191449"], ["postcode", "SW18 3RR"], ["image", "http://fillmurray.com/209/304"], ["address", "7 Henderson Road"], ["dob", Sun, 13 Jan 1991]]
  [1m[35m (0.7ms)[0m  [1m[35mCOMMIT[0m
  [1m[35m (0.2ms)[0m  [1m[35mBEGIN[0m
  [1m[35mSQL (0.9ms)[0m  [1m[32mINSERT INTO "jobs" ("title", "description", "location", "postcode", "time", "date", "owner_id", "created_at", "updated_at") VALUES ($1, $2, $3, $4, $5, $6, $7, $8, $9) RETURNING "id"[0m  [["title", "Cleaner"], ["description", "Clean me please."], ["location", "8 Guilford Cresent"], ["postcode", "E5 6HY"], ["time", 2000-01-01 08:00:00 UTC], ["date", Sun, 14 May 2017], ["owner_id", 1], ["created_at", 2017-02-20 02:20:46 UTC], ["updated_at", 2017-02-20 02:20:46 UTC]]
  [1m[35m (0.7ms)[0m  [1m[35mCOMMIT[0m
  [1m[35m (0.2ms)[0m  [1m[35mBEGIN[0m
  [1m[36mUser Exists (0.5ms)[0m  [1m[34mSELECT  1 AS one FROM "users" WHERE "users"."email" = $1 LIMIT $2[0m  [["email", "phil.daniels@gmail.com"], ["LIMIT", 1]]
  [1m[35mSQL (0.6ms)[0m  [1m[32mINSERT INTO "users" ("email", "password_digest", "created_at", "updated_at", "first_name", "last_name", "mobile", "postcode", "image", "address", "dob") VALUES ($1, $2, $3, $4, $5, $6, $7, $8, $9, $10, $11) RETURNING "id"[0m  [["email", "phil.daniels@gmail.com"], ["password_digest", "$2a$10$IV12mOSJV6ySHX7QRZl/pecxum8s2o4CXhpyVzqczxhqHSJARWnxq"], ["created_at", 2017-02-20 02:20:46 UTC], ["updated_at", 2017-02-20 02:20:46 UTC], ["first_name", "Phil"], ["last_name", "Daniels"], ["mobile", "07960191459"], ["postcode", "W1 6QU"], ["image", "http://fillmurray.com/300/304"], ["address", "9 Wallaby Way"], ["dob", Mon, 20 Jul 1981]]
  [1m[35m (2.5ms)[0m  [1m[35mCOMMIT[0m
  [1m[35m (0.2ms)[0m  [1m[35mBEGIN[0m
  [1m[36mUser Exists (0.5ms)[0m  [1m[34mSELECT  1 AS one FROM "users" WHERE "users"."email" = $1 LIMIT $2[0m  [["email", "josh@gmail.com"], ["LIMIT", 1]]
  [1m[35mSQL (0.5ms)[0m  [1m[32mINSERT INTO "users" ("email", "password_digest", "created_at", "updated_at", "first_name", "last_name", "mobile", "postcode", "image", "address", "dob") VALUES ($1, $2, $3, $4, $5, $6, $7, $8, $9, $10, $11) RETURNING "id"[0m  [["email", "josh@gmail.com"], ["password_digest", "$2a$10$lSaauGmrG7zjpX0gRuldUONjGbjJkBmpoKjUK/pi8lunbOJoerfpy"], ["created_at", 2017-02-20 02:20:46 UTC], ["updated_at", 2017-02-20 02:20:46 UTC], ["first_name", "Josh"], ["last_name", "Gregson"], ["mobile", "07960143459"], ["postcode", "NW2 4AL"], ["image", "http://fillmurray.com/310/320"], ["address", "9 Sydney Street"], ["dob", Thu, 21 Apr 1983]]
  [1m[35m (1.3ms)[0m  [1m[35mCOMMIT[0m
  [1m[35m (0.2ms)[0m  [1m[35mBEGIN[0m
  [1m[35mSQL (1.6ms)[0m  [1m[32mINSERT INTO "requests" ("message", "job_id", "user_id", "created_at", "updated_at") VALUES ($1, $2, $3, $4, $5) RETURNING "id"[0m  [["message", "I'm up for it"], ["job_id", 1], ["user_id", 2], ["created_at", 2017-02-20 02:20:46 UTC], ["updated_at", 2017-02-20 02:20:46 UTC]]
  [1m[35m (0.7ms)[0m  [1m[35mCOMMIT[0m
  [1m[35m (0.1ms)[0m  [1m[35mBEGIN[0m
  [1m[35mSQL (0.9ms)[0m  [1m[32mINSERT INTO "requests" ("message", "job_id", "user_id", "created_at", "updated_at") VALUES ($1, $2, $3, $4, $5) RETURNING "id"[0m  [["message", "I am well up for this"], ["job_id", 1], ["user_id", 3], ["created_at", 2017-02-20 02:20:46 UTC], ["updated_at", 2017-02-20 02:20:46 UTC]]
  [1m[35m (0.7ms)[0m  [1m[35mCOMMIT[0m
  [1m[36mUser Load (0.4ms)[0m  [1m[34mSELECT  "users".* FROM "users" WHERE "users"."id" = $1 LIMIT $2[0m  [["id", 3], ["LIMIT", 1]]
  [1m[36mJob Load (1.2ms)[0m  [1m[34mSELECT "jobs".* FROM "jobs"[0m
DEPRECATION WARNING: Time columns will become time zone aware in Rails 5.1. This
still causes `String`s to be parsed as if they were in `Time.zone`,
and `Time`s to be converted to `Time.zone`.

To keep the old behavior, you must add the following to your initializer:

    config.active_record.time_zone_aware_types = [:datetime]

To silence this deprecation warning, add the following:

    config.active_record.time_zone_aware_types = [:datetime, :time]
 (called from <top (required)> at /Users/Tom/development/WDI_Project_4-api/bin/rails:9)
  [1m[36mJob Load (0.9ms)[0m  [1m[34mSELECT  "jobs".* FROM "jobs" ORDER BY "jobs"."id" ASC LIMIT $1[0m  [["LIMIT", 1]]
  [1m[36mUser Load (0.8ms)[0m  [1m[34mSELECT  "users".* FROM "users" WHERE "users"."id" = $1 LIMIT $2[0m  [["id", 1], ["LIMIT", 1]]
  [1m[36mRequest Load (1.2ms)[0m  [1m[34mSELECT "requests".* FROM "requests"[0m
  [1m[36mRequest Load (0.4ms)[0m  [1m[34mSELECT  "requests".* FROM "requests" ORDER BY "requests"."id" DESC LIMIT $1[0m  [["LIMIT", 1]]
  [1m[36mUser Load (0.6ms)[0m  [1m[34mSELECT  "users".* FROM "users" WHERE "users"."id" = $1 LIMIT $2[0m  [["id", 3], ["LIMIT", 1]]
